<?xml version="1.0" encoding="UTF-8"?>
<!-- Generated by org.testng.reporters.JUnitXMLReporter -->
<testsuite hostname="Manendra_PC" ignored="0" name="Test" tests="6" failures="0" timestamp="2020-05-17T17:38:45 EDT" time="0.065" errors="0">
  <testcase name="BrowserAutomation" time="0.005" classname="MavenAcademy.MavenTest.SeleniumTest"/>
  <testcase name="ElementsUI" time="0.001" classname="MavenAcademy.MavenTest.SeleniumTest"/>
  <testcase name="IOSapp" time="0.0" classname="MavenAcademy.MavenTest.AppiumTest"/>
  <testcase name="NativeAndroidApp" time="0.0" classname="MavenAcademy.MavenTest.AppiumTest"/>
  <testcase name="DeleteTwitter" time="0.001" classname="MavenAcademy.MavenTest.RESTAPITest"/>
  <testcase name="PostJira" time="0.001" classname="MavenAcademy.MavenTest.RESTAPITest"/>
</testsuite> <!-- Test -->
