<?xml version="1.0" encoding="UTF-8"?>
<testng-results skipped="0" failed="0" ignored="0" total="2" passed="2">
  <reporter-output>
  </reporter-output>
  <suite name="Default suite" duration-ms="74" started-at="2020-06-09T00:55:31 EDT" finished-at="2020-06-09T00:55:31 EDT">
    <groups>
    </groups>
    <test name="Default test" duration-ms="74" started-at="2020-06-09T00:55:31 EDT" finished-at="2020-06-09T00:55:31 EDT">
      <class name="MavenAcademy.MavenTest.SeleniumTest">
        <test-method status="PASS" signature="BrowserAutomation()[pri:0, instance:MavenAcademy.MavenTest.SeleniumTest@3712b94]" name="BrowserAutomation" duration-ms="12" started-at="2020-06-09T00:55:31 EDT" finished-at="2020-06-09T00:55:31 EDT">
          <reporter-output>
          </reporter-output>
        </test-method> <!-- BrowserAutomation -->
        <test-method status="PASS" signature="ElementsUI()[pri:0, instance:MavenAcademy.MavenTest.SeleniumTest@3712b94]" name="ElementsUI" duration-ms="2" started-at="2020-06-09T00:55:31 EDT" finished-at="2020-06-09T00:55:31 EDT">
          <reporter-output>
          </reporter-output>
        </test-method> <!-- ElementsUI -->
      </class> <!-- MavenAcademy.MavenTest.SeleniumTest -->
    </test> <!-- Default test -->
  </suite> <!-- Default suite -->
</testng-results>
